[Sun Aug 20 15:31:33.574820 2023] [ssl:warn] [pid 10992:tid 476] AH01909: www.example.com:443:0 server certificate does NOT include an ID which matches the server name
[Sun Aug 20 15:31:33.662765 2023] [core:warn] [pid 10992:tid 476] AH00098: pid file D:/MYEDU/apache/logs/httpd.pid overwritten -- Unclean shutdown of previous Apache run?
[Sun Aug 20 15:31:33.666762 2023] [ssl:warn] [pid 10992:tid 476] AH01909: www.example.com:443:0 server certificate does NOT include an ID which matches the server name
PHP Warning:  PHP Startup: Unable to load dynamic library 'intl' (tried: D:\\MYEDU\\php\\ext\\intl (\xe6\x89\xbe\xe4\xb8\x8d\xe5\x88\xb0\xe6\x8c\x87\xe5\xae\x9a\xe7\x9a\x84\xe6\xa8\xa1\xe5\x9d\x97\xe3\x80\x82), D:\\MYEDU\\php\\ext\\php_intl.dll (\xe6\x89\xbe\xe4\xb8\x8d\xe5\x88\xb0\xe6\x8c\x87\xe5\xae\x9a\xe7\x9a\x84\xe6\xa8\xa1\xe5\x9d\x97\xe3\x80\x82)) in Unknown on line 0
[Sun Aug 20 15:31:34.278383 2023] [mpm_winnt:notice] [pid 10992:tid 476] AH00455: Apache/2.4.56 (Win64) OpenSSL/1.1.1t PHP/8.2.4 configured -- resuming normal operations
[Sun Aug 20 15:31:34.278383 2023] [mpm_winnt:notice] [pid 10992:tid 476] AH00456: Apache Lounge VS16 Server built: Mar  7 2023 13:21:03
[Sun Aug 20 15:31:34.278383 2023] [core:notice] [pid 10992:tid 476] AH00094: Command line: 'd:\\myedu\\apache\\bin\\httpd.exe -d D:/MYEDU/apache'
[Sun Aug 20 15:31:34.291375 2023] [mpm_winnt:notice] [pid 10992:tid 476] AH00418: Parent: Created child process 16840
[Sun Aug 20 15:31:36.552974 2023] [ssl:warn] [pid 16840:tid 484] AH01909: www.example.com:443:0 server certificate does NOT include an ID which matches the server name
[Sun Aug 20 15:31:36.639919 2023] [ssl:warn] [pid 16840:tid 484] AH01909: www.example.com:443:0 server certificate does NOT include an ID which matches the server name
PHP Warning:  PHP Startup: Unable to load dynamic library 'intl' (tried: D:\\MYEDU\\php\\ext\\intl (\xe6\x89\xbe\xe4\xb8\x8d\xe5\x88\xb0\xe6\x8c\x87\xe5\xae\x9a\xe7\x9a\x84\xe6\xa8\xa1\xe5\x9d\x97\xe3\x80\x82), D:\\MYEDU\\php\\ext\\php_intl.dll (\xe6\x89\xbe\xe4\xb8\x8d\xe5\x88\xb0\xe6\x8c\x87\xe5\xae\x9a\xe7\x9a\x84\xe6\xa8\xa1\xe5\x9d\x97\xe3\x80\x82)) in Unknown on line 0
[Sun Aug 20 15:31:36.817808 2023] [mpm_winnt:notice] [pid 16840:tid 484] AH00354: Child: Starting 150 worker threads.
[Sun Aug 20 15:40:36.862354 2023] [ssl:warn] [pid 12724:tid 332] AH01909: www.example.com:443:0 server certificate does NOT include an ID which matches the server name
[Sun Aug 20 15:40:36.956296 2023] [core:warn] [pid 12724:tid 332] AH00098: pid file D:/MYEDU/apache/logs/httpd.pid overwritten -- Unclean shutdown of previous Apache run?
[Sun Aug 20 15:40:36.961293 2023] [ssl:warn] [pid 12724:tid 332] AH01909: www.example.com:443:0 server certificate does NOT include an ID which matches the server name
PHP Warning:  PHP Startup: Unable to load dynamic library 'intl' (tried: D:\\MYEDU\\php\\ext\\intl (\xe6\x89\xbe\xe4\xb8\x8d\xe5\x88\xb0\xe6\x8c\x87\xe5\xae\x9a\xe7\x9a\x84\xe6\xa8\xa1\xe5\x9d\x97\xe3\x80\x82), D:\\MYEDU\\php\\ext\\php_intl.dll (\xe6\x89\xbe\xe4\xb8\x8d\xe5\x88\xb0\xe6\x8c\x87\xe5\xae\x9a\xe7\x9a\x84\xe6\xa8\xa1\xe5\x9d\x97\xe3\x80\x82)) in Unknown on line 0
[Sun Aug 20 15:40:37.543931 2023] [mpm_winnt:notice] [pid 12724:tid 332] AH00455: Apache/2.4.56 (Win64) OpenSSL/1.1.1t PHP/8.2.4 configured -- resuming normal operations
[Sun Aug 20 15:40:37.543931 2023] [mpm_winnt:notice] [pid 12724:tid 332] AH00456: Apache Lounge VS16 Server built: Mar  7 2023 13:21:03
[Sun Aug 20 15:40:37.543931 2023] [core:notice] [pid 12724:tid 332] AH00094: Command line: 'd:\\myeduv6\\myedu\\apache\\bin\\httpd.exe -d D:/MYEDUV6/MYEDU/apache'
[Sun Aug 20 15:40:37.597898 2023] [mpm_winnt:notice] [pid 12724:tid 332] AH00418: Parent: Created child process 17120
[Sun Aug 20 15:40:39.991413 2023] [ssl:warn] [pid 17120:tid 492] AH01909: www.example.com:443:0 server certificate does NOT include an ID which matches the server name
[Sun Aug 20 15:40:40.083357 2023] [ssl:warn] [pid 17120:tid 492] AH01909: www.example.com:443:0 server certificate does NOT include an ID which matches the server name
PHP Warning:  PHP Startup: Unable to load dynamic library 'intl' (tried: D:\\MYEDU\\php\\ext\\intl (\xe6\x89\xbe\xe4\xb8\x8d\xe5\x88\xb0\xe6\x8c\x87\xe5\xae\x9a\xe7\x9a\x84\xe6\xa8\xa1\xe5\x9d\x97\xe3\x80\x82), D:\\MYEDU\\php\\ext\\php_intl.dll (\xe6\x89\xbe\xe4\xb8\x8d\xe5\x88\xb0\xe6\x8c\x87\xe5\xae\x9a\xe7\x9a\x84\xe6\xa8\xa1\xe5\x9d\x97\xe3\x80\x82)) in Unknown on line 0
[Sun Aug 20 15:40:40.265244 2023] [mpm_winnt:notice] [pid 17120:tid 492] AH00354: Child: Starting 150 worker threads.
[Sun Aug 20 15:50:02.196139 2023] [ssl:warn] [pid 8596:tid 472] AH01909: www.example.com:443:0 server certificate does NOT include an ID which matches the server name
[Sun Aug 20 15:50:02.301072 2023] [core:warn] [pid 8596:tid 472] AH00098: pid file D:/MYEDU/apache/logs/httpd.pid overwritten -- Unclean shutdown of previous Apache run?
[Sun Aug 20 15:50:02.320060 2023] [ssl:warn] [pid 8596:tid 472] AH01909: www.example.com:443:0 server certificate does NOT include an ID which matches the server name
PHP Warning:  PHP Startup: Unable to load dynamic library 'intl' (tried: D:\\MYEDU\\php\\ext\\intl (\xe6\x89\xbe\xe4\xb8\x8d\xe5\x88\xb0\xe6\x8c\x87\xe5\xae\x9a\xe7\x9a\x84\xe6\xa8\xa1\xe5\x9d\x97\xe3\x80\x82), D:\\MYEDU\\php\\ext\\php_intl.dll (\xe6\x89\xbe\xe4\xb8\x8d\xe5\x88\xb0\xe6\x8c\x87\xe5\xae\x9a\xe7\x9a\x84\xe6\xa8\xa1\xe5\x9d\x97\xe3\x80\x82)) in Unknown on line 0
[Sun Aug 20 15:50:02.974655 2023] [mpm_winnt:notice] [pid 8596:tid 472] AH00455: Apache/2.4.56 (Win64) OpenSSL/1.1.1t PHP/8.2.4 configured -- resuming normal operations
[Sun Aug 20 15:50:02.974655 2023] [mpm_winnt:notice] [pid 8596:tid 472] AH00456: Apache Lounge VS16 Server built: Mar  7 2023 13:21:03
[Sun Aug 20 15:50:02.974655 2023] [core:notice] [pid 8596:tid 472] AH00094: Command line: 'd:\\myedu4\\apache\\bin\\httpd.exe -d D:/MYEDU4/apache'
[Sun Aug 20 15:50:03.084588 2023] [mpm_winnt:notice] [pid 8596:tid 472] AH00418: Parent: Created child process 17332
[Sun Aug 20 15:50:05.681976 2023] [ssl:warn] [pid 17332:tid 488] AH01909: www.example.com:443:0 server certificate does NOT include an ID which matches the server name
[Sun Aug 20 15:50:05.775917 2023] [ssl:warn] [pid 17332:tid 488] AH01909: www.example.com:443:0 server certificate does NOT include an ID which matches the server name
PHP Warning:  PHP Startup: Unable to load dynamic library 'intl' (tried: D:\\MYEDU\\php\\ext\\intl (\xe6\x89\xbe\xe4\xb8\x8d\xe5\x88\xb0\xe6\x8c\x87\xe5\xae\x9a\xe7\x9a\x84\xe6\xa8\xa1\xe5\x9d\x97\xe3\x80\x82), D:\\MYEDU\\php\\ext\\php_intl.dll (\xe6\x89\xbe\xe4\xb8\x8d\xe5\x88\xb0\xe6\x8c\x87\xe5\xae\x9a\xe7\x9a\x84\xe6\xa8\xa1\xe5\x9d\x97\xe3\x80\x82)) in Unknown on line 0
[Sun Aug 20 15:50:05.960804 2023] [mpm_winnt:notice] [pid 17332:tid 488] AH00354: Child: Starting 150 worker threads.
[Sun Aug 20 15:57:08.171631 2023] [ssl:warn] [pid 16984:tid 476] AH01909: www.example.com:443:0 server certificate does NOT include an ID which matches the server name
[Sun Aug 20 15:57:08.262574 2023] [core:warn] [pid 16984:tid 476] AH00098: pid file D:/MYEDU/apache/logs/httpd.pid overwritten -- Unclean shutdown of previous Apache run?
[Sun Aug 20 15:57:08.267571 2023] [ssl:warn] [pid 16984:tid 476] AH01909: www.example.com:443:0 server certificate does NOT include an ID which matches the server name
PHP Warning:  PHP Startup: Unable to load dynamic library 'intl' (tried: D:\\MYEDU\\php\\ext\\intl (\xe6\x89\xbe\xe4\xb8\x8d\xe5\x88\xb0\xe6\x8c\x87\xe5\xae\x9a\xe7\x9a\x84\xe6\xa8\xa1\xe5\x9d\x97\xe3\x80\x82), D:\\MYEDU\\php\\ext\\php_intl.dll (\xe6\x89\xbe\xe4\xb8\x8d\xe5\x88\xb0\xe6\x8c\x87\xe5\xae\x9a\xe7\x9a\x84\xe6\xa8\xa1\xe5\x9d\x97\xe3\x80\x82)) in Unknown on line 0
[Sun Aug 20 15:57:08.893184 2023] [mpm_winnt:notice] [pid 16984:tid 476] AH00455: Apache/2.4.56 (Win64) OpenSSL/1.1.1t PHP/8.2.4 configured -- resuming normal operations
[Sun Aug 20 15:57:08.893184 2023] [mpm_winnt:notice] [pid 16984:tid 476] AH00456: Apache Lounge VS16 Server built: Mar  7 2023 13:21:03
[Sun Aug 20 15:57:08.893184 2023] [core:notice] [pid 16984:tid 476] AH00094: Command line: 'd:\\myedu8\\apache\\bin\\httpd.exe -d D:/MYEDU8/apache'
[Sun Aug 20 15:57:08.995120 2023] [mpm_winnt:notice] [pid 16984:tid 476] AH00418: Parent: Created child process 22788
[Sun Aug 20 15:57:11.467587 2023] [ssl:warn] [pid 22788:tid 512] AH01909: www.example.com:443:0 server certificate does NOT include an ID which matches the server name
[Sun Aug 20 15:57:11.555533 2023] [ssl:warn] [pid 22788:tid 512] AH01909: www.example.com:443:0 server certificate does NOT include an ID which matches the server name
PHP Warning:  PHP Startup: Unable to load dynamic library 'intl' (tried: D:\\MYEDU\\php\\ext\\intl (\xe6\x89\xbe\xe4\xb8\x8d\xe5\x88\xb0\xe6\x8c\x87\xe5\xae\x9a\xe7\x9a\x84\xe6\xa8\xa1\xe5\x9d\x97\xe3\x80\x82), D:\\MYEDU\\php\\ext\\php_intl.dll (\xe6\x89\xbe\xe4\xb8\x8d\xe5\x88\xb0\xe6\x8c\x87\xe5\xae\x9a\xe7\x9a\x84\xe6\xa8\xa1\xe5\x9d\x97\xe3\x80\x82)) in Unknown on line 0
[Sun Aug 20 15:57:11.739418 2023] [mpm_winnt:notice] [pid 22788:tid 512] AH00354: Child: Starting 150 worker threads.
[Tue Oct 24 18:19:41.756920 2023] [ssl:warn] [pid 9860:tid 416] AH01909: www.example.com:443:0 server certificate does NOT include an ID which matches the server name
[Tue Oct 24 18:19:41.793920 2023] [core:warn] [pid 9860:tid 416] AH00098: pid file D:/MYEDU/apache/logs/httpd.pid overwritten -- Unclean shutdown of previous Apache run?
[Tue Oct 24 18:19:41.795925 2023] [ssl:warn] [pid 9860:tid 416] AH01909: www.example.com:443:0 server certificate does NOT include an ID which matches the server name
PHP Warning:  PHP Startup: Unable to load dynamic library 'intl' (tried: D:\\MYEDU\\php\\ext\\intl (The specified module could not be found), D:\\MYEDU\\php\\ext\\php_intl.dll (The specified module could not be found)) in Unknown on line 0
[Tue Oct 24 18:19:41.890922 2023] [mpm_winnt:notice] [pid 9860:tid 416] AH00455: Apache/2.4.56 (Win64) OpenSSL/1.1.1t PHP/8.2.4 configured -- resuming normal operations
[Tue Oct 24 18:19:41.890922 2023] [mpm_winnt:notice] [pid 9860:tid 416] AH00456: Apache Lounge VS16 Server built: Mar  7 2023 13:21:03
[Tue Oct 24 18:19:41.890922 2023] [core:notice] [pid 9860:tid 416] AH00094: Command line: 'd:\\myedu\\apache\\bin\\httpd.exe -d D:/MYEDU/apache'
[Tue Oct 24 18:19:41.896923 2023] [mpm_winnt:notice] [pid 9860:tid 416] AH00418: Parent: Created child process 6276
[Tue Oct 24 18:19:42.410920 2023] [ssl:warn] [pid 6276:tid 412] AH01909: www.example.com:443:0 server certificate does NOT include an ID which matches the server name
[Tue Oct 24 18:19:42.447922 2023] [ssl:warn] [pid 6276:tid 412] AH01909: www.example.com:443:0 server certificate does NOT include an ID which matches the server name
PHP Warning:  PHP Startup: Unable to load dynamic library 'intl' (tried: D:\\MYEDU\\php\\ext\\intl (The specified module could not be found), D:\\MYEDU\\php\\ext\\php_intl.dll (The specified module could not be found)) in Unknown on line 0
[Tue Oct 24 18:19:42.503919 2023] [mpm_winnt:notice] [pid 6276:tid 412] AH00354: Child: Starting 150 worker threads.
[Tue Oct 24 18:21:33.021720 2023] [php:error] [pid 6276:tid 1896] [client 127.0.0.1:50410] script 'D:/MYEDU/htdocs/api/apps/apps_368.php' not found or unable to stat, referer: http://react.admin.chives/apps/368/
[Tue Oct 24 18:25:03.277108 2023] [php:error] [pid 6276:tid 1900] [client 127.0.0.1:50570] script 'D:/MYEDU/htdocs/api/apps/apps_352.php' not found or unable to stat, referer: http://react.admin.chives/apps/352/
[Tue Oct 24 18:25:21.301970 2023] [php:error] [pid 6276:tid 1900] [client 127.0.0.1:50596] script 'D:/MYEDU/htdocs/api/apps/apps_352.php' not found or unable to stat, referer: http://react.admin.chives/apps/352/
[Tue Oct 24 18:27:37.015433 2023] [php:error] [pid 6276:tid 1896] [client 127.0.0.1:50686] PHP Fatal error:  Uncaught Error: Call to a member function GetArray() on bool in D:\\MYEDU\\htdocs\\api\\plugins\\plugin_data_datasource_2.php:87\nStack trace:\n#0 D:\\MYEDU\\htdocs\\api\\data_enginee_flow.php(956): plugin_data_datasource_2_edit_default_configsetting_data(NULL)\n#1 D:\\MYEDU\\htdocs\\api\\apps\\apps_368.php(13): require_once('D:\\\\MYEDU\\\\htdocs...')\n#2 {main}\n  thrown in D:\\MYEDU\\htdocs\\api\\plugins\\plugin_data_datasource_2.php on line 87, referer: http://react.admin.chives/apps/368/
[Tue Oct 24 18:29:26.878925 2023] [php:error] [pid 6276:tid 1900] [client 127.0.0.1:50796] PHP Fatal error:  Uncaught Error: Call to a member function GetArray() on bool in D:\\MYEDU\\htdocs\\api\\plugins\\plugin_data_datasource_2.php:87\nStack trace:\n#0 D:\\MYEDU\\htdocs\\api\\data_enginee_flow.php(956): plugin_data_datasource_2_edit_default_configsetting_data(NULL)\n#1 D:\\MYEDU\\htdocs\\api\\apps\\apps_368.php(13): require_once('D:\\\\MYEDU\\\\htdocs...')\n#2 {main}\n  thrown in D:\\MYEDU\\htdocs\\api\\plugins\\plugin_data_datasource_2.php on line 87, referer: http://react.admin.chives/apps/368/
[Tue Oct 24 18:31:27.305357 2023] [php:error] [pid 6276:tid 1900] [client 127.0.0.1:50871] PHP Fatal error:  Uncaught Error: Call to a member function GetArray() on bool in D:\\MYEDU\\htdocs\\api\\plugins\\plugin_data_datasource_2.php:87\nStack trace:\n#0 D:\\MYEDU\\htdocs\\api\\data_enginee_flow.php(956): plugin_data_datasource_2_edit_default_configsetting_data(NULL)\n#1 D:\\MYEDU\\htdocs\\api\\apps\\apps_368.php(13): require_once('D:\\\\MYEDU\\\\htdocs...')\n#2 {main}\n  thrown in D:\\MYEDU\\htdocs\\api\\plugins\\plugin_data_datasource_2.php on line 87, referer: http://react.admin.chives/apps/368/
[Tue Oct 24 18:32:04.307518 2023] [php:error] [pid 6276:tid 1900] [client 127.0.0.1:50895] PHP Fatal error:  Uncaught Error: Call to a member function GetArray() on bool in D:\\MYEDU\\htdocs\\api\\plugins\\plugin_data_datasource_2.php:87\nStack trace:\n#0 D:\\MYEDU\\htdocs\\api\\data_enginee_flow.php(956): plugin_data_datasource_2_edit_default_configsetting_data(NULL)\n#1 D:\\MYEDU\\htdocs\\api\\apps\\apps_368.php(13): require_once('D:\\\\MYEDU\\\\htdocs...')\n#2 {main}\n  thrown in D:\\MYEDU\\htdocs\\api\\plugins\\plugin_data_datasource_2.php on line 87, referer: http://react.admin.chives/apps/368/
[Mon Jun 24 20:34:15.058267 2024] [ssl:warn] [pid 9760:tid 436] AH01909: www.example.com:443:0 server certificate does NOT include an ID which matches the server name
[Mon Jun 24 20:34:15.100266 2024] [core:warn] [pid 9760:tid 436] AH00098: pid file D:/MYEDU/apache/logs/httpd.pid overwritten -- Unclean shutdown of previous Apache run?
[Mon Jun 24 20:34:15.103268 2024] [ssl:warn] [pid 9760:tid 436] AH01909: www.example.com:443:0 server certificate does NOT include an ID which matches the server name
[Mon Jun 24 20:34:15.772238 2024] [mpm_winnt:notice] [pid 9760:tid 436] AH00455: Apache/2.4.56 (Win64) OpenSSL/1.1.1t PHP/8.2.4 configured -- resuming normal operations
[Mon Jun 24 20:34:15.772238 2024] [mpm_winnt:notice] [pid 9760:tid 436] AH00456: Apache Lounge VS16 Server built: Mar  7 2023 13:21:03
[Mon Jun 24 20:34:15.772238 2024] [core:notice] [pid 9760:tid 436] AH00094: Command line: 'd:\\myedu\\apache\\bin\\httpd.exe -d D:/MYEDU/apache'
[Mon Jun 24 20:34:15.776239 2024] [mpm_winnt:notice] [pid 9760:tid 436] AH00418: Parent: Created child process 5356
[Mon Jun 24 20:34:16.329941 2024] [ssl:warn] [pid 5356:tid 432] AH01909: www.example.com:443:0 server certificate does NOT include an ID which matches the server name
[Mon Jun 24 20:34:16.370003 2024] [ssl:warn] [pid 5356:tid 432] AH01909: www.example.com:443:0 server certificate does NOT include an ID which matches the server name
[Mon Jun 24 20:34:16.427811 2024] [mpm_winnt:notice] [pid 5356:tid 432] AH00354: Child: Starting 150 worker threads.
[Mon Jun 24 21:02:04.975498 2024] [php:error] [pid 5356:tid 1880] [client ::1:57020] PHP Fatal error:  Uncaught Error: Object of class DateInterval could not be converted to string in D:\\MYEDU\\htdocs\\api\\jwt.php:209\nStack trace:\n#0 {main}\n  thrown in D:\\MYEDU\\htdocs\\api\\jwt.php on line 209, referer: http://localhost/login/
[Mon Jun 24 21:03:06.345964 2024] [php:error] [pid 5356:tid 1880] [client ::1:57059] PHP Fatal error:  Uncaught Error: Call to a member function diff() on int in D:\\MYEDU\\htdocs\\api\\jwt.php:208\nStack trace:\n#0 {main}\n  thrown in D:\\MYEDU\\htdocs\\api\\jwt.php on line 208, referer: http://localhost/login/
[Mon Jun 24 22:04:15.196738 2024] [ssl:warn] [pid 5728:tid 428] AH01909: www.example.com:443:0 server certificate does NOT include an ID which matches the server name
[Mon Jun 24 22:04:15.236738 2024] [core:warn] [pid 5728:tid 428] AH00098: pid file D:/MYEDU/apache/logs/httpd.pid overwritten -- Unclean shutdown of previous Apache run?
[Mon Jun 24 22:04:15.239739 2024] [ssl:warn] [pid 5728:tid 428] AH01909: www.example.com:443:0 server certificate does NOT include an ID which matches the server name
[Mon Jun 24 22:04:15.296738 2024] [mpm_winnt:notice] [pid 5728:tid 428] AH00455: Apache/2.4.56 (Win64) OpenSSL/1.1.1t PHP/8.2.4 configured -- resuming normal operations
[Mon Jun 24 22:04:15.296738 2024] [mpm_winnt:notice] [pid 5728:tid 428] AH00456: Apache Lounge VS16 Server built: Mar  7 2023 13:21:03
[Mon Jun 24 22:04:15.296738 2024] [core:notice] [pid 5728:tid 428] AH00094: Command line: 'd:\\myedu\\apache\\bin\\httpd.exe -d D:/MYEDU/apache'
[Mon Jun 24 22:04:15.301739 2024] [mpm_winnt:notice] [pid 5728:tid 428] AH00418: Parent: Created child process 13844
[Mon Jun 24 22:04:15.843008 2024] [ssl:warn] [pid 13844:tid 432] AH01909: www.example.com:443:0 server certificate does NOT include an ID which matches the server name
[Mon Jun 24 22:04:15.880108 2024] [ssl:warn] [pid 13844:tid 432] AH01909: www.example.com:443:0 server certificate does NOT include an ID which matches the server name
[Mon Jun 24 22:04:15.937095 2024] [mpm_winnt:notice] [pid 13844:tid 432] AH00354: Child: Starting 150 worker threads.
[Tue Jun 25 09:52:51.564140 2024] [ssl:warn] [pid 14940:tid 428] AH01909: www.example.com:443:0 server certificate does NOT include an ID which matches the server name
[Tue Jun 25 09:52:51.604142 2024] [core:warn] [pid 14940:tid 428] AH00098: pid file D:/MYEDU/apache/logs/httpd.pid overwritten -- Unclean shutdown of previous Apache run?
[Tue Jun 25 09:52:51.606142 2024] [ssl:warn] [pid 14940:tid 428] AH01909: www.example.com:443:0 server certificate does NOT include an ID which matches the server name
[Tue Jun 25 09:52:52.251341 2024] [mpm_winnt:notice] [pid 14940:tid 428] AH00455: Apache/2.4.56 (Win64) OpenSSL/1.1.1t PHP/8.2.4 configured -- resuming normal operations
[Tue Jun 25 09:52:52.251341 2024] [mpm_winnt:notice] [pid 14940:tid 428] AH00456: Apache Lounge VS16 Server built: Mar  7 2023 13:21:03
[Tue Jun 25 09:52:52.251341 2024] [core:notice] [pid 14940:tid 428] AH00094: Command line: 'd:\\myedu\\apache\\bin\\httpd.exe -d D:/MYEDU/apache'
[Tue Jun 25 09:52:52.255341 2024] [mpm_winnt:notice] [pid 14940:tid 428] AH00418: Parent: Created child process 5700
[Tue Jun 25 09:52:52.785343 2024] [ssl:warn] [pid 5700:tid 432] AH01909: www.example.com:443:0 server certificate does NOT include an ID which matches the server name
[Tue Jun 25 09:52:52.824103 2024] [ssl:warn] [pid 5700:tid 432] AH01909: www.example.com:443:0 server certificate does NOT include an ID which matches the server name
[Tue Jun 25 09:52:52.882102 2024] [mpm_winnt:notice] [pid 5700:tid 432] AH00354: Child: Starting 150 worker threads.
[Tue Jun 25 09:54:36.135053 2024] [mpm_winnt:notice] [pid 14940:tid 428] AH00422: Parent: Received shutdown signal -- Shutting down the server.
[Tue Jun 25 09:54:38.159894 2024] [mpm_winnt:notice] [pid 5700:tid 432] AH00364: Child: All worker threads have exited.
[Tue Jun 25 09:54:38.213194 2024] [mpm_winnt:notice] [pid 14940:tid 428] AH00430: Parent: Child process 5700 exited successfully.
[Tue Jun 25 12:04:44.634627 2024] [ssl:warn] [pid 4176:tid 428] AH01909: www.example.com:443:0 server certificate does NOT include an ID which matches the server name
[Tue Jun 25 12:04:44.677628 2024] [ssl:warn] [pid 4176:tid 428] AH01909: www.example.com:443:0 server certificate does NOT include an ID which matches the server name
[Tue Jun 25 12:04:45.298633 2024] [mpm_winnt:notice] [pid 4176:tid 428] AH00455: Apache/2.4.56 (Win64) OpenSSL/1.1.1t PHP/8.2.4 configured -- resuming normal operations
[Tue Jun 25 12:04:45.298633 2024] [mpm_winnt:notice] [pid 4176:tid 428] AH00456: Apache Lounge VS16 Server built: Mar  7 2023 13:21:03
[Tue Jun 25 12:04:45.298633 2024] [core:notice] [pid 4176:tid 428] AH00094: Command line: 'd:\\myedu\\apache\\bin\\httpd.exe -d D:/MYEDU/apache'
[Tue Jun 25 12:04:45.302629 2024] [mpm_winnt:notice] [pid 4176:tid 428] AH00418: Parent: Created child process 11208
[Tue Jun 25 12:04:45.851339 2024] [ssl:warn] [pid 11208:tid 432] AH01909: www.example.com:443:0 server certificate does NOT include an ID which matches the server name
[Tue Jun 25 12:04:45.889338 2024] [ssl:warn] [pid 11208:tid 432] AH01909: www.example.com:443:0 server certificate does NOT include an ID which matches the server name
[Tue Jun 25 12:04:45.947340 2024] [mpm_winnt:notice] [pid 11208:tid 432] AH00354: Child: Starting 150 worker threads.
[Tue Jun 25 14:24:35.164479 2024] [ssl:warn] [pid 14548:tid 456] AH01909: www.example.com:443:0 server certificate does NOT include an ID which matches the server name
[Tue Jun 25 14:24:35.209478 2024] [core:warn] [pid 14548:tid 456] AH00098: pid file D:/MYSOUL/apache/logs/httpd.pid overwritten -- Unclean shutdown of previous Apache run?
[Tue Jun 25 14:24:35.212476 2024] [ssl:warn] [pid 14548:tid 456] AH01909: www.example.com:443:0 server certificate does NOT include an ID which matches the server name
[Tue Jun 25 14:24:35.296477 2024] [mpm_winnt:notice] [pid 14548:tid 456] AH00455: Apache/2.4.56 (Win64) OpenSSL/1.1.1t PHP/8.2.4 configured -- resuming normal operations
[Tue Jun 25 14:24:35.296477 2024] [mpm_winnt:notice] [pid 14548:tid 456] AH00456: Apache Lounge VS16 Server built: Mar  7 2023 13:21:03
[Tue Jun 25 14:24:35.296477 2024] [core:notice] [pid 14548:tid 456] AH00094: Command line: 'd:\\mysoul\\apache\\bin\\httpd.exe -d D:/MYSOUL/apache'
[Tue Jun 25 14:24:35.301477 2024] [mpm_winnt:notice] [pid 14548:tid 456] AH00418: Parent: Created child process 1052
[Tue Jun 25 14:24:36.094861 2024] [ssl:warn] [pid 1052:tid 460] AH01909: www.example.com:443:0 server certificate does NOT include an ID which matches the server name
[Tue Jun 25 14:24:36.137495 2024] [ssl:warn] [pid 1052:tid 460] AH01909: www.example.com:443:0 server certificate does NOT include an ID which matches the server name
[Tue Jun 25 14:24:36.195496 2024] [mpm_winnt:notice] [pid 1052:tid 460] AH00354: Child: Starting 150 worker threads.
[Wed Jun 26 14:47:58.080742 2024] [ssl:warn] [pid 9844:tid 428] AH01909: www.example.com:443:0 server certificate does NOT include an ID which matches the server name
[Wed Jun 26 14:47:58.120745 2024] [core:warn] [pid 9844:tid 428] AH00098: pid file D:/MYSOUL/apache/logs/httpd.pid overwritten -- Unclean shutdown of previous Apache run?
[Wed Jun 26 14:47:58.123743 2024] [ssl:warn] [pid 9844:tid 428] AH01909: www.example.com:443:0 server certificate does NOT include an ID which matches the server name
[Wed Jun 26 14:47:58.894456 2024] [mpm_winnt:notice] [pid 9844:tid 428] AH00455: Apache/2.4.56 (Win64) OpenSSL/1.1.1t PHP/8.2.4 configured -- resuming normal operations
[Wed Jun 26 14:47:58.894456 2024] [mpm_winnt:notice] [pid 9844:tid 428] AH00456: Apache Lounge VS16 Server built: Mar  7 2023 13:21:03
[Wed Jun 26 14:47:58.894456 2024] [core:notice] [pid 9844:tid 428] AH00094: Command line: 'd:\\mysoul\\apache\\bin\\httpd.exe -d D:/MYSOUL/apache'
[Wed Jun 26 14:47:58.898458 2024] [mpm_winnt:notice] [pid 9844:tid 428] AH00418: Parent: Created child process 17652
[Wed Jun 26 14:47:59.548555 2024] [ssl:warn] [pid 17652:tid 448] AH01909: www.example.com:443:0 server certificate does NOT include an ID which matches the server name
[Wed Jun 26 14:47:59.587555 2024] [ssl:warn] [pid 17652:tid 448] AH01909: www.example.com:443:0 server certificate does NOT include an ID which matches the server name
[Wed Jun 26 14:47:59.645582 2024] [mpm_winnt:notice] [pid 17652:tid 448] AH00354: Child: Starting 150 worker threads.
[Wed Jun 26 16:01:28.407525 2024] [ssl:warn] [pid 9492:tid 428] AH01909: www.example.com:443:0 server certificate does NOT include an ID which matches the server name
[Wed Jun 26 16:01:28.460525 2024] [core:warn] [pid 9492:tid 428] AH00098: pid file D:/MYSOUL/apache/logs/httpd.pid overwritten -- Unclean shutdown of previous Apache run?
[Wed Jun 26 16:01:28.463526 2024] [ssl:warn] [pid 9492:tid 428] AH01909: www.example.com:443:0 server certificate does NOT include an ID which matches the server name
[Wed Jun 26 16:01:28.649143 2024] [mpm_winnt:notice] [pid 9492:tid 428] AH00455: Apache/2.4.56 (Win64) OpenSSL/1.1.1t PHP/8.2.4 configured -- resuming normal operations
[Wed Jun 26 16:01:28.649143 2024] [mpm_winnt:notice] [pid 9492:tid 428] AH00456: Apache Lounge VS16 Server built: Mar  7 2023 13:21:03
[Wed Jun 26 16:01:28.649143 2024] [core:notice] [pid 9492:tid 428] AH00094: Command line: 'd:\\mysoul\\apache\\bin\\httpd.exe -d D:/MYSOUL/apache'
[Wed Jun 26 16:01:28.794146 2024] [mpm_winnt:notice] [pid 9492:tid 428] AH00418: Parent: Created child process 10548
[Wed Jun 26 16:01:31.197830 2024] [ssl:warn] [pid 10548:tid 432] AH01909: www.example.com:443:0 server certificate does NOT include an ID which matches the server name
[Wed Jun 26 16:01:31.313828 2024] [ssl:warn] [pid 10548:tid 432] AH01909: www.example.com:443:0 server certificate does NOT include an ID which matches the server name
[Wed Jun 26 16:01:31.468692 2024] [mpm_winnt:notice] [pid 10548:tid 432] AH00354: Child: Starting 150 worker threads.
[Wed Jun 26 20:32:52.711500 2024] [ssl:warn] [pid 18108:tid 428] AH01909: www.example.com:443:0 server certificate does NOT include an ID which matches the server name
[Wed Jun 26 20:32:52.754501 2024] [core:warn] [pid 18108:tid 428] AH00098: pid file D:/MYSOUL/apache/logs/httpd.pid overwritten -- Unclean shutdown of previous Apache run?
[Wed Jun 26 20:32:52.756500 2024] [ssl:warn] [pid 18108:tid 428] AH01909: www.example.com:443:0 server certificate does NOT include an ID which matches the server name
[Wed Jun 26 20:32:52.811500 2024] [mpm_winnt:notice] [pid 18108:tid 428] AH00455: Apache/2.4.56 (Win64) OpenSSL/1.1.1t PHP/8.2.4 configured -- resuming normal operations
[Wed Jun 26 20:32:52.812501 2024] [mpm_winnt:notice] [pid 18108:tid 428] AH00456: Apache Lounge VS16 Server built: Mar  7 2023 13:21:03
[Wed Jun 26 20:32:52.812501 2024] [core:notice] [pid 18108:tid 428] AH00094: Command line: 'd:\\mysoul\\apache\\bin\\httpd.exe -d D:/MYSOUL/apache'
[Wed Jun 26 20:32:52.815501 2024] [mpm_winnt:notice] [pid 18108:tid 428] AH00418: Parent: Created child process 19440
[Wed Jun 26 20:32:53.372498 2024] [ssl:warn] [pid 19440:tid 432] AH01909: www.example.com:443:0 server certificate does NOT include an ID which matches the server name
[Wed Jun 26 20:32:53.409498 2024] [ssl:warn] [pid 19440:tid 432] AH01909: www.example.com:443:0 server certificate does NOT include an ID which matches the server name
[Wed Jun 26 20:32:53.466498 2024] [mpm_winnt:notice] [pid 19440:tid 432] AH00354: Child: Starting 150 worker threads.
[Wed Jun 26 20:35:23.099469 2024] [ssl:warn] [pid 8424:tid 432] AH01909: www.example.com:443:0 server certificate does NOT include an ID which matches the server name
[Wed Jun 26 20:35:23.142466 2024] [core:warn] [pid 8424:tid 432] AH00098: pid file D:/MYSOUL/apache/logs/httpd.pid overwritten -- Unclean shutdown of previous Apache run?
[Wed Jun 26 20:35:23.145466 2024] [ssl:warn] [pid 8424:tid 432] AH01909: www.example.com:443:0 server certificate does NOT include an ID which matches the server name
[Wed Jun 26 20:35:23.200465 2024] [mpm_winnt:notice] [pid 8424:tid 432] AH00455: Apache/2.4.56 (Win64) OpenSSL/1.1.1t PHP/8.2.4 configured -- resuming normal operations
[Wed Jun 26 20:35:23.200465 2024] [mpm_winnt:notice] [pid 8424:tid 432] AH00456: Apache Lounge VS16 Server built: Mar  7 2023 13:21:03
[Wed Jun 26 20:35:23.200465 2024] [core:notice] [pid 8424:tid 432] AH00094: Command line: 'd:\\mysoul\\apache\\bin\\httpd.exe -d D:/MYSOUL/apache'
[Wed Jun 26 20:35:23.204467 2024] [mpm_winnt:notice] [pid 8424:tid 432] AH00418: Parent: Created child process 18516
[Wed Jun 26 20:35:23.786467 2024] [ssl:warn] [pid 18516:tid 452] AH01909: www.example.com:443:0 server certificate does NOT include an ID which matches the server name
[Wed Jun 26 20:35:23.830464 2024] [ssl:warn] [pid 18516:tid 452] AH01909: www.example.com:443:0 server certificate does NOT include an ID which matches the server name
[Wed Jun 26 20:35:23.891465 2024] [mpm_winnt:notice] [pid 18516:tid 452] AH00354: Child: Starting 150 worker threads.
[Wed Jun 26 20:41:07.845596 2024] [php:error] [pid 18516:tid 1896] [client ::1:53713] PHP Fatal error:  Uncaught TypeError: array_values(): Argument #1 ($array) must be of type array, bool given in D:\\MYSOUL\\soulchat\\api\\include.inc.php:577\nStack trace:\n#0 D:\\MYSOUL\\soulchat\\api\\include.inc.php(577): array_values(false)\n#1 D:\\MYSOUL\\soulchat\\api\\data_enginee_flow.php(96): GLOBAL_MetaColumnNames(NULL)\n#2 D:\\MYSOUL\\soulchat\\api\\apps\\apps_376.php(13): require_once('D:\\\\MYSOUL\\\\soulc...')\n#3 {main}\n  thrown in D:\\MYSOUL\\soulchat\\api\\include.inc.php on line 577, referer: http://localhost/apps/376/
[Wed Jun 26 20:41:54.054619 2024] [php:error] [pid 18516:tid 1896] [client ::1:53745] PHP Fatal error:  Uncaught TypeError: array_values(): Argument #1 ($array) must be of type array, bool given in D:\\MYSOUL\\soulchat\\api\\include.inc.php:577\nStack trace:\n#0 D:\\MYSOUL\\soulchat\\api\\include.inc.php(577): array_values(false)\n#1 D:\\MYSOUL\\soulchat\\api\\data_enginee_flow.php(96): GLOBAL_MetaColumnNames(NULL)\n#2 D:\\MYSOUL\\soulchat\\api\\apps\\apps_376.php(13): require_once('D:\\\\MYSOUL\\\\soulc...')\n#3 {main}\n  thrown in D:\\MYSOUL\\soulchat\\api\\include.inc.php on line 577, referer: http://localhost/apps/376/
[Wed Jun 26 20:42:00.844078 2024] [php:error] [pid 18516:tid 1900] [client ::1:53754] PHP Fatal error:  Uncaught TypeError: array_values(): Argument #1 ($array) must be of type array, bool given in D:\\MYSOUL\\soulchat\\api\\include.inc.php:577\nStack trace:\n#0 D:\\MYSOUL\\soulchat\\api\\include.inc.php(577): array_values(false)\n#1 D:\\MYSOUL\\soulchat\\api\\data_enginee_flow.php(96): GLOBAL_MetaColumnNames(NULL)\n#2 D:\\MYSOUL\\soulchat\\api\\apps\\apps_375.php(13): require_once('D:\\\\MYSOUL\\\\soulc...')\n#3 {main}\n  thrown in D:\\MYSOUL\\soulchat\\api\\include.inc.php on line 577, referer: http://localhost/apps/375/
[Thu Jun 27 14:34:38.669216 2024] [ssl:warn] [pid 18968:tid 472] AH01909: www.example.com:443:0 server certificate does NOT include an ID which matches the server name
[Thu Jun 27 14:34:38.707684 2024] [core:warn] [pid 18968:tid 472] AH00098: pid file D:/MYSOUL/apache/logs/httpd.pid overwritten -- Unclean shutdown of previous Apache run?
[Thu Jun 27 14:34:38.710685 2024] [ssl:warn] [pid 18968:tid 472] AH01909: www.example.com:443:0 server certificate does NOT include an ID which matches the server name
[Thu Jun 27 14:34:39.513705 2024] [mpm_winnt:notice] [pid 18968:tid 472] AH00455: Apache/2.4.56 (Win64) OpenSSL/1.1.1t PHP/8.2.4 configured -- resuming normal operations
[Thu Jun 27 14:34:39.513705 2024] [mpm_winnt:notice] [pid 18968:tid 472] AH00456: Apache Lounge VS16 Server built: Mar  7 2023 13:21:03
[Thu Jun 27 14:34:39.513705 2024] [core:notice] [pid 18968:tid 472] AH00094: Command line: 'd:\\mysoul\\apache\\bin\\httpd.exe -d D:/MYSOUL/apache'
[Thu Jun 27 14:34:39.518706 2024] [mpm_winnt:notice] [pid 18968:tid 472] AH00418: Parent: Created child process 80
[Thu Jun 27 14:34:40.078035 2024] [ssl:warn] [pid 80:tid 440] AH01909: www.example.com:443:0 server certificate does NOT include an ID which matches the server name
[Thu Jun 27 14:34:40.119038 2024] [ssl:warn] [pid 80:tid 440] AH01909: www.example.com:443:0 server certificate does NOT include an ID which matches the server name
[Thu Jun 27 14:34:40.182036 2024] [mpm_winnt:notice] [pid 80:tid 440] AH00354: Child: Starting 150 worker threads.
[Thu Jun 27 14:36:10.106527 2024] [core:error] [pid 80:tid 1900] (20024)The given path is misformatted or contained invalid characters: [client ::1:63958] AH00127: Cannot map GET /121.133.225.85:1985 HTTP/1.1 to file
[Thu Jun 27 16:07:13.950833 2024] [php:error] [pid 80:tid 1896] [client ::1:58516] PHP Fatal error:  Uncaught TypeError: Cannot access offset of type string on string in D:\\MYSOUL\\soulchat\\api\\plugins\\plugin_data_xinlijiankang_ceping_2.php:66\nStack trace:\n#0 D:\\MYSOUL\\soulchat\\api\\data_enginee_flow.php(1047): plugin_data_xinlijiankang_ceping_2_edit_default(1)\n#1 D:\\MYSOUL\\soulchat\\api\\apps\\apps_378.php(13): require_once('D:\\\\MYSOUL\\\\soulc...')\n#2 {main}\n  thrown in D:\\MYSOUL\\soulchat\\api\\plugins\\plugin_data_xinlijiankang_ceping_2.php on line 66, referer: http://localhost/apps/378/
[Thu Jun 27 16:07:43.927862 2024] [php:error] [pid 80:tid 1896] [client ::1:58544] PHP Fatal error:  Uncaught TypeError: Cannot access offset of type string on string in D:\\MYSOUL\\soulchat\\api\\plugins\\plugin_data_xinlijiankang_ceping_2.php:66\nStack trace:\n#0 D:\\MYSOUL\\soulchat\\api\\data_enginee_flow.php(1047): plugin_data_xinlijiankang_ceping_2_edit_default(1)\n#1 D:\\MYSOUL\\soulchat\\api\\apps\\apps_378.php(13): require_once('D:\\\\MYSOUL\\\\soulc...')\n#2 {main}\n  thrown in D:\\MYSOUL\\soulchat\\api\\plugins\\plugin_data_xinlijiankang_ceping_2.php on line 66, referer: http://localhost/apps/378/
[Thu Jun 27 16:43:41.214211 2024] [php:error] [pid 80:tid 1892] [client ::1:60905] PHP Fatal error:  Uncaught Error: Object of class ADORecordSet_empty could not be converted to string in D:\\MYSOUL\\soulchat\\api\\plugins\\plugin_data_xinlijiankang_ceping_2.php:150\nStack trace:\n#0 D:\\MYSOUL\\soulchat\\api\\data_enginee_flow.php(722): plugin_data_xinlijiankang_ceping_2_edit_default_data_before_submit(1)\n#1 D:\\MYSOUL\\soulchat\\api\\apps\\apps_378.php(13): require_once('D:\\\\MYSOUL\\\\soulc...')\n#2 {main}\n  thrown in D:\\MYSOUL\\soulchat\\api\\plugins\\plugin_data_xinlijiankang_ceping_2.php on line 150, referer: http://localhost/apps/378/
[Thu Jun 27 16:46:03.990055 2024] [php:error] [pid 80:tid 1892] [client ::1:61012] PHP Fatal error:  Uncaught Error: Object of class ADORecordSet_empty could not be converted to string in D:\\MYSOUL\\soulchat\\api\\plugins\\plugin_data_xinlijiankang_ceping_2.php:150\nStack trace:\n#0 D:\\MYSOUL\\soulchat\\api\\data_enginee_flow.php(722): plugin_data_xinlijiankang_ceping_2_edit_default_data_before_submit(1)\n#1 D:\\MYSOUL\\soulchat\\api\\apps\\apps_378.php(13): require_once('D:\\\\MYSOUL\\\\soulc...')\n#2 {main}\n  thrown in D:\\MYSOUL\\soulchat\\api\\plugins\\plugin_data_xinlijiankang_ceping_2.php on line 150, referer: http://localhost/apps/378/
[Thu Jun 27 16:46:52.194469 2024] [php:error] [pid 80:tid 1892] [client ::1:61045] PHP Fatal error:  Uncaught Error: Object of class ADORecordSet_empty could not be converted to string in D:\\MYSOUL\\soulchat\\api\\plugins\\plugin_data_xinlijiankang_ceping_2.php:150\nStack trace:\n#0 D:\\MYSOUL\\soulchat\\api\\data_enginee_flow.php(722): plugin_data_xinlijiankang_ceping_2_edit_default_data_before_submit(1)\n#1 D:\\MYSOUL\\soulchat\\api\\apps\\apps_378.php(13): require_once('D:\\\\MYSOUL\\\\soulc...')\n#2 {main}\n  thrown in D:\\MYSOUL\\soulchat\\api\\plugins\\plugin_data_xinlijiankang_ceping_2.php on line 150, referer: http://localhost/apps/378/
[Thu Jun 27 16:56:03.745195 2024] [php:error] [pid 80:tid 1892] [client ::1:61433] PHP Fatal error:  Uncaught Error: Call to a member function GetArray() on bool in D:\\MYSOUL\\soulchat\\api\\plugins\\plugin_data_xinlijiankang_ceping_2.php:59\nStack trace:\n#0 D:\\MYSOUL\\soulchat\\api\\data_enginee_flow.php(1047): plugin_data_xinlijiankang_ceping_2_edit_default(1)\n#1 D:\\MYSOUL\\soulchat\\api\\apps\\apps_378.php(13): require_once('D:\\\\MYSOUL\\\\soulc...')\n#2 {main}\n  thrown in D:\\MYSOUL\\soulchat\\api\\plugins\\plugin_data_xinlijiankang_ceping_2.php on line 59, referer: http://localhost/apps/378/
[Fri Jun 28 10:05:08.929455 2024] [ssl:warn] [pid 11952:tid 452] AH01909: www.example.com:443:0 server certificate does NOT include an ID which matches the server name
[Fri Jun 28 10:05:08.969091 2024] [core:warn] [pid 11952:tid 452] AH00098: pid file D:/MYSOUL/apache/logs/httpd.pid overwritten -- Unclean shutdown of previous Apache run?
[Fri Jun 28 10:05:08.972090 2024] [ssl:warn] [pid 11952:tid 452] AH01909: www.example.com:443:0 server certificate does NOT include an ID which matches the server name
[Fri Jun 28 10:05:09.669091 2024] [mpm_winnt:notice] [pid 11952:tid 452] AH00455: Apache/2.4.56 (Win64) OpenSSL/1.1.1t PHP/8.2.4 configured -- resuming normal operations
[Fri Jun 28 10:05:09.669091 2024] [mpm_winnt:notice] [pid 11952:tid 452] AH00456: Apache Lounge VS16 Server built: Mar  7 2023 13:21:03
[Fri Jun 28 10:05:09.669091 2024] [core:notice] [pid 11952:tid 452] AH00094: Command line: 'd:\\mysoul\\apache\\bin\\httpd.exe -d D:/MYSOUL/apache'
[Fri Jun 28 10:05:09.672089 2024] [mpm_winnt:notice] [pid 11952:tid 452] AH00418: Parent: Created child process 16864
[Fri Jun 28 10:05:10.253090 2024] [ssl:warn] [pid 16864:tid 432] AH01909: www.example.com:443:0 server certificate does NOT include an ID which matches the server name
[Fri Jun 28 10:05:10.290089 2024] [ssl:warn] [pid 16864:tid 432] AH01909: www.example.com:443:0 server certificate does NOT include an ID which matches the server name
[Fri Jun 28 10:05:10.346089 2024] [mpm_winnt:notice] [pid 16864:tid 432] AH00354: Child: Starting 150 worker threads.
[Fri Jun 28 14:52:28.770257 2024] [authz_core:error] [pid 16864:tid 1880] [client ::1:52508] AH01630: client denied by server configuration: D:/MYSOUL/soulchat/goview
[Fri Jun 28 19:59:10.756607 2024] [core:error] [pid 16864:tid 1876] (20024)The given path is misformatted or contained invalid characters: [client ::1:55696] AH00127: Cannot map GET /print/middleschool/dnZnUG5kODlZSTVfSXQ0dnlLTGRLZ3x8Ojp3cDRSemZaSy1YYW5kbU44SU8xSE53fHw%7C/ HTTP/1.1 to file, referer: http://localhost/apps/378/
[Fri Jun 28 19:59:22.322342 2024] [core:error] [pid 16864:tid 1900] (20024)The given path is misformatted or contained invalid characters: [client ::1:55698] AH00127: Cannot map GET /print/middleschool/dnZnUG5kODlZSTVfSXQ0dnlLTGRLZ3x8Ojp3cDRSemZaSy1YYW5kbU44SU8xSE53fHw%7C/ HTTP/1.1 to file, referer: http://localhost/apps/378/
[Fri Jun 28 20:02:01.226854 2024] [ssl:warn] [pid 5064:tid 428] AH01909: www.example.com:443:0 server certificate does NOT include an ID which matches the server name
[Fri Jun 28 20:02:01.265855 2024] [core:warn] [pid 5064:tid 428] AH00098: pid file D:/MYSOUL/apache/logs/httpd.pid overwritten -- Unclean shutdown of previous Apache run?
[Fri Jun 28 20:02:01.267855 2024] [ssl:warn] [pid 5064:tid 428] AH01909: www.example.com:443:0 server certificate does NOT include an ID which matches the server name
[Fri Jun 28 20:02:01.919219 2024] [mpm_winnt:notice] [pid 5064:tid 428] AH00455: Apache/2.4.56 (Win64) OpenSSL/1.1.1t PHP/8.2.4 configured -- resuming normal operations
[Fri Jun 28 20:02:01.919219 2024] [mpm_winnt:notice] [pid 5064:tid 428] AH00456: Apache Lounge VS16 Server built: Mar  7 2023 13:21:03
[Fri Jun 28 20:02:01.919219 2024] [core:notice] [pid 5064:tid 428] AH00094: Command line: 'd:\\mysoul\\apache\\bin\\httpd.exe -d D:/MYSOUL/apache'
[Fri Jun 28 20:02:01.923219 2024] [mpm_winnt:notice] [pid 5064:tid 428] AH00418: Parent: Created child process 8268
[Fri Jun 28 20:02:02.471622 2024] [ssl:warn] [pid 8268:tid 436] AH01909: www.example.com:443:0 server certificate does NOT include an ID which matches the server name
[Fri Jun 28 20:02:02.508616 2024] [ssl:warn] [pid 8268:tid 436] AH01909: www.example.com:443:0 server certificate does NOT include an ID which matches the server name
[Fri Jun 28 20:02:02.565616 2024] [mpm_winnt:notice] [pid 8268:tid 436] AH00354: Child: Starting 150 worker threads.
[Sat Jun 29 09:27:31.312058 2024] [ssl:warn] [pid 16128:tid 328] AH01909: www.example.com:443:0 server certificate does NOT include an ID which matches the server name
[Sat Jun 29 09:27:31.353057 2024] [core:warn] [pid 16128:tid 328] AH00098: pid file D:/MYSOUL/apache/logs/httpd.pid overwritten -- Unclean shutdown of previous Apache run?
[Sat Jun 29 09:27:31.356056 2024] [ssl:warn] [pid 16128:tid 328] AH01909: www.example.com:443:0 server certificate does NOT include an ID which matches the server name
[Sat Jun 29 09:27:31.998031 2024] [mpm_winnt:notice] [pid 16128:tid 328] AH00455: Apache/2.4.56 (Win64) OpenSSL/1.1.1t PHP/8.2.4 configured -- resuming normal operations
[Sat Jun 29 09:27:31.998031 2024] [mpm_winnt:notice] [pid 16128:tid 328] AH00456: Apache Lounge VS16 Server built: Mar  7 2023 13:21:03
[Sat Jun 29 09:27:31.998031 2024] [core:notice] [pid 16128:tid 328] AH00094: Command line: 'd:\\mysoul\\apache\\bin\\httpd.exe -d D:/MYSOUL/apache'
[Sat Jun 29 09:27:32.001270 2024] [mpm_winnt:notice] [pid 16128:tid 328] AH00418: Parent: Created child process 17556
[Sat Jun 29 09:27:32.593562 2024] [ssl:warn] [pid 17556:tid 432] AH01909: www.example.com:443:0 server certificate does NOT include an ID which matches the server name
[Sat Jun 29 09:27:32.632564 2024] [ssl:warn] [pid 17556:tid 432] AH01909: www.example.com:443:0 server certificate does NOT include an ID which matches the server name
[Sat Jun 29 09:27:32.695562 2024] [mpm_winnt:notice] [pid 17556:tid 432] AH00354: Child: Starting 150 worker threads.
[Sat Jun 29 10:00:24.955062 2024] [php:error] [pid 17556:tid 1880] [client ::1:50338] PHP Fatal error:  Uncaught TypeError: Cannot access offset of type string on string in D:\\MYSOUL\\soulchat\\api\\tools\\soul-accessment-ai-generate-result.php:54\nStack trace:\n#0 {main}\n  thrown in D:\\MYSOUL\\soulchat\\api\\tools\\soul-accessment-ai-generate-result.php on line 54
[Sat Jun 29 10:01:03.707196 2024] [php:error] [pid 17556:tid 1888] [client ::1:50363] PHP Fatal error:  Uncaught TypeError: Cannot access offset of type string on string in D:\\MYSOUL\\soulchat\\api\\tools\\soul-accessment-ai-generate-result.php:54\nStack trace:\n#0 {main}\n  thrown in D:\\MYSOUL\\soulchat\\api\\tools\\soul-accessment-ai-generate-result.php on line 54
[Sat Jun 29 10:01:06.486171 2024] [php:error] [pid 17556:tid 1888] [client ::1:50363] PHP Fatal error:  Uncaught TypeError: Cannot access offset of type string on string in D:\\MYSOUL\\soulchat\\api\\tools\\soul-accessment-ai-generate-result.php:54\nStack trace:\n#0 {main}\n  thrown in D:\\MYSOUL\\soulchat\\api\\tools\\soul-accessment-ai-generate-result.php on line 54
[Sat Jun 29 10:01:24.010918 2024] [php:error] [pid 17556:tid 1880] [client ::1:50364] PHP Fatal error:  Uncaught TypeError: Cannot access offset of type string on string in D:\\MYSOUL\\soulchat\\api\\tools\\soul-accessment-ai-generate-result.php:50\nStack trace:\n#0 {main}\n  thrown in D:\\MYSOUL\\soulchat\\api\\tools\\soul-accessment-ai-generate-result.php on line 50
[Sat Jun 29 10:01:25.052911 2024] [php:error] [pid 17556:tid 1880] [client ::1:50364] PHP Fatal error:  Uncaught TypeError: Cannot access offset of type string on string in D:\\MYSOUL\\soulchat\\api\\tools\\soul-accessment-ai-generate-result.php:50\nStack trace:\n#0 {main}\n  thrown in D:\\MYSOUL\\soulchat\\api\\tools\\soul-accessment-ai-generate-result.php on line 50
[Sat Jun 29 10:01:35.445304 2024] [php:error] [pid 17556:tid 1888] [client ::1:50374] PHP Fatal error:  Uncaught TypeError: Cannot access offset of type string on string in D:\\MYSOUL\\soulchat\\api\\tools\\soul-accessment-ai-generate-result.php:50\nStack trace:\n#0 {main}\n  thrown in D:\\MYSOUL\\soulchat\\api\\tools\\soul-accessment-ai-generate-result.php on line 50
[Sat Jun 29 10:01:36.590711 2024] [php:error] [pid 17556:tid 1888] [client ::1:50374] PHP Fatal error:  Uncaught TypeError: Cannot access offset of type string on string in D:\\MYSOUL\\soulchat\\api\\tools\\soul-accessment-ai-generate-result.php:50\nStack trace:\n#0 {main}\n  thrown in D:\\MYSOUL\\soulchat\\api\\tools\\soul-accessment-ai-generate-result.php on line 50
[Sat Jun 29 10:01:37.316406 2024] [php:error] [pid 17556:tid 1888] [client ::1:50374] PHP Fatal error:  Uncaught TypeError: Cannot access offset of type string on string in D:\\MYSOUL\\soulchat\\api\\tools\\soul-accessment-ai-generate-result.php:50\nStack trace:\n#0 {main}\n  thrown in D:\\MYSOUL\\soulchat\\api\\tools\\soul-accessment-ai-generate-result.php on line 50
[Sat Jun 29 10:01:37.699167 2024] [php:error] [pid 17556:tid 1888] [client ::1:50374] PHP Fatal error:  Uncaught TypeError: Cannot access offset of type string on string in D:\\MYSOUL\\soulchat\\api\\tools\\soul-accessment-ai-generate-result.php:50\nStack trace:\n#0 {main}\n  thrown in D:\\MYSOUL\\soulchat\\api\\tools\\soul-accessment-ai-generate-result.php on line 50
[Sat Jun 29 10:01:37.900161 2024] [php:error] [pid 17556:tid 1888] [client ::1:50374] PHP Fatal error:  Uncaught TypeError: Cannot access offset of type string on string in D:\\MYSOUL\\soulchat\\api\\tools\\soul-accessment-ai-generate-result.php:50\nStack trace:\n#0 {main}\n  thrown in D:\\MYSOUL\\soulchat\\api\\tools\\soul-accessment-ai-generate-result.php on line 50
[Sat Jun 29 10:01:43.706722 2024] [php:error] [pid 17556:tid 1880] [client ::1:50377] PHP Fatal error:  Uncaught TypeError: Cannot access offset of type string on string in D:\\MYSOUL\\soulchat\\api\\tools\\soul-accessment-ai-generate-result.php:51\nStack trace:\n#0 {main}\n  thrown in D:\\MYSOUL\\soulchat\\api\\tools\\soul-accessment-ai-generate-result.php on line 51
[Sat Jun 29 10:02:30.853976 2024] [php:error] [pid 17556:tid 1888] [client ::1:50400] PHP Fatal error:  Uncaught TypeError: Cannot access offset of type string on string in D:\\MYSOUL\\soulchat\\api\\tools\\soul-accessment-ai-generate-result.php:51\nStack trace:\n#0 {main}\n  thrown in D:\\MYSOUL\\soulchat\\api\\tools\\soul-accessment-ai-generate-result.php on line 51
[Sat Jun 29 10:02:50.954740 2024] [php:error] [pid 17556:tid 1880] [client ::1:50401] PHP Fatal error:  Uncaught TypeError: Cannot access offset of type string on string in D:\\MYSOUL\\soulchat\\api\\tools\\soul-accessment-ai-generate-result.php:51\nStack trace:\n#0 {main}\n  thrown in D:\\MYSOUL\\soulchat\\api\\tools\\soul-accessment-ai-generate-result.php on line 51
[Sat Jun 29 10:17:58.216186 2024] [php:error] [pid 17556:tid 1880] [client ::1:51105] PHP Fatal error:  Uncaught TypeError: Unsupported operand types: string + null in D:\\MYSOUL\\soulchat\\api\\tools\\soul-accessment-ai-generate-result.php:111\nStack trace:\n#0 D:\\MYSOUL\\soulchat\\api\\tools\\soul-accessment-ai-generate-result.php(68): DeepSeekAiChat('\\xE8\\xA6\\x81\\xE6\\xB1\\x82\\xE4\\xBD\\xA0\\xE5\\x81\\x9A\\xE4\\xB8\\x80...', '\\xE6\\x88\\x91\\xE5\\x9C\\xA8\\xE6\\xB5\\x8B\\xE8\\xAF\\x84\\xE5\\x9B\\xA0...')\n#1 {main}\n  thrown in D:\\MYSOUL\\soulchat\\api\\tools\\soul-accessment-ai-generate-result.php on line 111
[Sat Jun 29 10:18:28.406260 2024] [php:error] [pid 17556:tid 1888] [client ::1:51126] PHP Fatal error:  Uncaught TypeError: Unsupported operand types: string + null in D:\\MYSOUL\\soulchat\\api\\tools\\soul-accessment-ai-generate-result.php:111\nStack trace:\n#0 D:\\MYSOUL\\soulchat\\api\\tools\\soul-accessment-ai-generate-result.php(68): DeepSeekAiChat('\\xE8\\xA6\\x81\\xE6\\xB1\\x82\\xE4\\xBD\\xA0\\xE5\\x81\\x9A\\xE4\\xB8\\x80...', '\\xE6\\x88\\x91\\xE5\\x9C\\xA8\\xE6\\xB5\\x8B\\xE8\\xAF\\x84\\xE5\\x9B\\xA0...')\n#1 {main}\n  thrown in D:\\MYSOUL\\soulchat\\api\\tools\\soul-accessment-ai-generate-result.php on line 111
[Sat Jun 29 10:18:47.979067 2024] [php:error] [pid 17556:tid 1880] [client ::1:51125] PHP Fatal error:  Uncaught TypeError: Unsupported operand types: string + string in D:\\MYSOUL\\soulchat\\api\\tools\\soul-accessment-ai-generate-result.php:112\nStack trace:\n#0 D:\\MYSOUL\\soulchat\\api\\tools\\soul-accessment-ai-generate-result.php(68): DeepSeekAiChat('\\xE8\\xA6\\x81\\xE6\\xB1\\x82\\xE4\\xBD\\xA0\\xE5\\x81\\x9A\\xE4\\xB8\\x80...', '\\xE6\\x88\\x91\\xE5\\x9C\\xA8\\xE6\\xB5\\x8B\\xE8\\xAF\\x84\\xE5\\x9B\\xA0...')\n#1 {main}\n  thrown in D:\\MYSOUL\\soulchat\\api\\tools\\soul-accessment-ai-generate-result.php on line 112
[Sat Jun 29 10:55:04.745058 2024] [php:error] [pid 17556:tid 1888] [client ::1:52958] PHP Fatal error:  Uncaught Error: Call to undefined function \xe5\xbf\x83\xe7\x90\x86\xe5\x81\xa5\xe5\xba\xb7AiDeepSeek\xe6\xb5\x8b\xe8\xaf\x84() in D:\\MYSOUL\\soulchat\\api\\plugins\\plugin_data_xinlijiankang_ceping_2.php:338\nStack trace:\n#0 D:\\MYSOUL\\soulchat\\api\\data_enginee_flow.php(722): plugin_data_xinlijiankang_ceping_2_edit_default_data_before_submit(1)\n#1 D:\\MYSOUL\\soulchat\\api\\apps\\apps_378.php(13): require_once('D:\\\\MYSOUL\\\\soulc...')\n#2 {main}\n  thrown in D:\\MYSOUL\\soulchat\\api\\plugins\\plugin_data_xinlijiankang_ceping_2.php on line 338, referer: http://localhost/apps/378/
[Sat Jun 29 13:22:39.931097 2024] [php:error] [pid 17556:tid 1888] [client ::1:61414] script 'D:/MYSOUL/soulchat/api/apps/apps_381.php' not found or unable to stat, referer: http://localhost/apps/381/
[Sat Jun 29 13:31:33.050766 2024] [php:error] [pid 17556:tid 1888] [client ::1:62118] script 'D:/MYSOUL/soulchat/api/apps/apps_381.php' not found or unable to stat, referer: http://localhost:3000/
[Sat Jun 29 13:33:35.614138 2024] [php:error] [pid 17556:tid 1888] [client ::1:62265] script 'D:/MYSOUL/soulchat/api/apps/apps_381.php' not found or unable to stat, referer: http://localhost:3000/
[Sat Jun 29 13:34:45.209303 2024] [php:error] [pid 17556:tid 1888] [client ::1:62341] script 'D:/MYSOUL/soulchat/api/apps/apps_381.php' not found or unable to stat, referer: http://localhost:3000/
[Sat Jun 29 15:19:11.362874 2024] [php:error] [pid 17556:tid 1888] [client ::1:54821] PHP Fatal error:  Uncaught Error: Call to undefined function \xe5\xbf\x83\xe7\x90\x86\xe5\x81\xa5\xe5\xba\xb7AiDeepSeek\xe6\xb5\x8b\xe8\xaf\x84() in D:\\MYSOUL\\soulchat\\api\\plugins\\plugin_data_xinlijiankang_ceping_2.php:340\nStack trace:\n#0 D:\\MYSOUL\\soulchat\\api\\data_enginee_flow.php(724): plugin_data_xinlijiankang_ceping_2_edit_default_data_before_submit(1)\n#1 D:\\MYSOUL\\soulchat\\api\\apps\\apps_378.php(13): require_once('D:\\\\MYSOUL\\\\soulc...')\n#2 {main}\n  thrown in D:\\MYSOUL\\soulchat\\api\\plugins\\plugin_data_xinlijiankang_ceping_2.php on line 340, referer: http://localhost/apps/378/
[Sat Jun 29 15:20:01.127924 2024] [php:error] [pid 17556:tid 1876] [client ::1:54918] PHP Fatal error:  Uncaught Error: Call to undefined function \xe5\xbf\x83\xe7\x90\x86\xe5\x81\xa5\xe5\xba\xb7AiDeepSeek\xe6\xb5\x8b\xe8\xaf\x84() in D:\\MYSOUL\\soulchat\\api\\plugins\\plugin_data_xinlijiankang_ceping_2.php:340\nStack trace:\n#0 D:\\MYSOUL\\soulchat\\api\\data_enginee_flow.php(724): plugin_data_xinlijiankang_ceping_2_edit_default_data_before_submit(1)\n#1 D:\\MYSOUL\\soulchat\\api\\apps\\apps_378.php(13): require_once('D:\\\\MYSOUL\\\\soulc...')\n#2 {main}\n  thrown in D:\\MYSOUL\\soulchat\\api\\plugins\\plugin_data_xinlijiankang_ceping_2.php on line 340, referer: http://localhost/apps/378/
[Sat Jun 29 15:22:51.010338 2024] [php:error] [pid 17556:tid 1880] [client ::1:55202] PHP Fatal error:  Uncaught Error: Call to undefined function \xe5\xbf\x83\xe7\x90\x86\xe5\x81\xa5\xe5\xba\xb7\xe9\x80\x89\xe9\xa1\xb9\xe8\xbd\xac\xe5\x88\x86\xe5\x80\xbc() in D:\\MYSOUL\\soulchat\\api\\plugins\\plugin_data_xinlijiankang_ceping_2.php:158\nStack trace:\n#0 D:\\MYSOUL\\soulchat\\api\\data_enginee_flow.php(724): plugin_data_xinlijiankang_ceping_2_edit_default_data_before_submit(1)\n#1 D:\\MYSOUL\\soulchat\\api\\apps\\apps_378.php(13): require_once('D:\\\\MYSOUL\\\\soulc...')\n#2 {main}\n  thrown in D:\\MYSOUL\\soulchat\\api\\plugins\\plugin_data_xinlijiankang_ceping_2.php on line 158, referer: http://localhost/apps/378/
[Sun Jun 30 09:30:10.613695 2024] [ssl:warn] [pid 16520:tid 428] AH01909: www.example.com:443:0 server certificate does NOT include an ID which matches the server name
[Sun Jun 30 09:30:10.652693 2024] [core:warn] [pid 16520:tid 428] AH00098: pid file D:/MYSOUL/apache/logs/httpd.pid overwritten -- Unclean shutdown of previous Apache run?
[Sun Jun 30 09:30:10.654696 2024] [ssl:warn] [pid 16520:tid 428] AH01909: www.example.com:443:0 server certificate does NOT include an ID which matches the server name
[Sun Jun 30 09:30:11.337694 2024] [mpm_winnt:notice] [pid 16520:tid 428] AH00455: Apache/2.4.56 (Win64) OpenSSL/1.1.1t PHP/8.2.4 configured -- resuming normal operations
[Sun Jun 30 09:30:11.337694 2024] [mpm_winnt:notice] [pid 16520:tid 428] AH00456: Apache Lounge VS16 Server built: Mar  7 2023 13:21:03
[Sun Jun 30 09:30:11.337694 2024] [core:notice] [pid 16520:tid 428] AH00094: Command line: 'd:\\mysoul\\apache\\bin\\httpd.exe -d D:/MYSOUL/apache'
[Sun Jun 30 09:30:11.341695 2024] [mpm_winnt:notice] [pid 16520:tid 428] AH00418: Parent: Created child process 11676
[Sun Jun 30 09:30:11.997757 2024] [ssl:warn] [pid 11676:tid 432] AH01909: www.example.com:443:0 server certificate does NOT include an ID which matches the server name
[Sun Jun 30 09:30:12.035753 2024] [ssl:warn] [pid 11676:tid 432] AH01909: www.example.com:443:0 server certificate does NOT include an ID which matches the server name
[Sun Jun 30 09:30:12.090755 2024] [mpm_winnt:notice] [pid 11676:tid 432] AH00354: Child: Starting 150 worker threads.
[Sun Jun 30 13:26:35.668287 2024] [ssl:warn] [pid 7820:tid 428] AH01909: www.example.com:443:0 server certificate does NOT include an ID which matches the server name
[Sun Jun 30 13:26:35.710288 2024] [core:warn] [pid 7820:tid 428] AH00098: pid file D:/MYSOUL/apache/logs/httpd.pid overwritten -- Unclean shutdown of previous Apache run?
[Sun Jun 30 13:26:35.713289 2024] [ssl:warn] [pid 7820:tid 428] AH01909: www.example.com:443:0 server certificate does NOT include an ID which matches the server name
[Sun Jun 30 13:26:36.524958 2024] [mpm_winnt:notice] [pid 7820:tid 428] AH00455: Apache/2.4.56 (Win64) OpenSSL/1.1.1t PHP/8.2.4 configured -- resuming normal operations
[Sun Jun 30 13:26:36.524958 2024] [mpm_winnt:notice] [pid 7820:tid 428] AH00456: Apache Lounge VS16 Server built: Mar  7 2023 13:21:03
[Sun Jun 30 13:26:36.524958 2024] [core:notice] [pid 7820:tid 428] AH00094: Command line: 'd:\\mysoul\\apache\\bin\\httpd.exe -d D:/MYSOUL/apache'
[Sun Jun 30 13:26:36.528955 2024] [mpm_winnt:notice] [pid 7820:tid 428] AH00418: Parent: Created child process 12568
[Sun Jun 30 13:26:37.101955 2024] [ssl:warn] [pid 12568:tid 332] AH01909: www.example.com:443:0 server certificate does NOT include an ID which matches the server name
[Sun Jun 30 13:26:37.141955 2024] [ssl:warn] [pid 12568:tid 332] AH01909: www.example.com:443:0 server certificate does NOT include an ID which matches the server name
[Sun Jun 30 13:26:37.200954 2024] [mpm_winnt:notice] [pid 12568:tid 332] AH00354: Child: Starting 150 worker threads.
[Mon Jul 01 10:24:34.387589 2024] [ssl:warn] [pid 10540:tid 436] AH01909: www.example.com:443:0 server certificate does NOT include an ID which matches the server name
[Mon Jul 01 10:24:34.446588 2024] [core:warn] [pid 10540:tid 436] AH00098: pid file D:/MYSOUL/apache/logs/httpd.pid overwritten -- Unclean shutdown of previous Apache run?
[Mon Jul 01 10:24:34.450587 2024] [ssl:warn] [pid 10540:tid 436] AH01909: www.example.com:443:0 server certificate does NOT include an ID which matches the server name
[Mon Jul 01 10:24:35.509584 2024] [mpm_winnt:notice] [pid 10540:tid 436] AH00455: Apache/2.4.56 (Win64) OpenSSL/1.1.1t PHP/8.2.4 configured -- resuming normal operations
[Mon Jul 01 10:24:35.509584 2024] [mpm_winnt:notice] [pid 10540:tid 436] AH00456: Apache Lounge VS16 Server built: Mar  7 2023 13:21:03
[Mon Jul 01 10:24:35.509584 2024] [core:notice] [pid 10540:tid 436] AH00094: Command line: 'd:\\mysoul\\apache\\bin\\httpd.exe -d D:/MYSOUL/apache'
[Mon Jul 01 10:24:35.516592 2024] [mpm_winnt:notice] [pid 10540:tid 436] AH00418: Parent: Created child process 3440
[Mon Jul 01 10:24:36.334883 2024] [ssl:warn] [pid 3440:tid 432] AH01909: www.example.com:443:0 server certificate does NOT include an ID which matches the server name
[Mon Jul 01 10:24:36.384885 2024] [ssl:warn] [pid 3440:tid 432] AH01909: www.example.com:443:0 server certificate does NOT include an ID which matches the server name
[Mon Jul 01 10:24:36.453884 2024] [mpm_winnt:notice] [pid 3440:tid 432] AH00354: Child: Starting 150 worker threads.
[Mon Jul 01 15:27:01.411555 2024] [php:error] [pid 3440:tid 1888] [client ::1:54746] PHP Fatal error:  Uncaught TypeError: in_array(): Argument #2 ($haystack) must be of type array, null given in D:\\MYSOUL\\soulchat\\api\\plugins\\plugin_data_xinlijiankang_ceping_functions.php:309\nStack trace:\n#0 D:\\MYSOUL\\soulchat\\api\\plugins\\plugin_data_xinlijiankang_ceping_functions.php(309): in_array('1', NULL)\n#1 D:\\MYSOUL\\soulchat\\api\\plugins\\plugin_data_xinlijiankang_ceping_2.php(174): \xe7\x97\x87\xe7\x8a\xb6\xe8\x87\xaa\xe8\xaf\x84\xe9\x87\x8f\xe8\xa1\xa8SCL90('\\xE7\\x97\\x87\\xE7\\x8A\\xB6\\xE8\\x87\\xAA\\xE8\\xAF\\x84\\xE9\\x87\\x8F...')\n#2 D:\\MYSOUL\\soulchat\\api\\data_enginee_flow.php(717): plugin_data_xinlijiankang_ceping_2_edit_default_data_before_submit(2)\n#3 D:\\MYSOUL\\soulchat\\api\\apps\\apps_378.php(13): require_once('D:\\\\MYSOUL\\\\soulc...')\n#4 {main}\n  thrown in D:\\MYSOUL\\soulchat\\api\\plugins\\plugin_data_xinlijiankang_ceping_functions.php on line 309, referer: http://localhost/apps/378/
[Tue Jul 02 20:03:02.625631 2024] [ssl:warn] [pid 14672:tid 428] AH01909: www.example.com:443:0 server certificate does NOT include an ID which matches the server name
[Tue Jul 02 20:03:02.665630 2024] [core:warn] [pid 14672:tid 428] AH00098: pid file D:/MYSOUL/apache/logs/httpd.pid overwritten -- Unclean shutdown of previous Apache run?
[Tue Jul 02 20:03:02.668629 2024] [ssl:warn] [pid 14672:tid 428] AH01909: www.example.com:443:0 server certificate does NOT include an ID which matches the server name
[Tue Jul 02 20:03:03.479293 2024] [mpm_winnt:notice] [pid 14672:tid 428] AH00455: Apache/2.4.56 (Win64) OpenSSL/1.1.1t PHP/8.2.4 configured -- resuming normal operations
[Tue Jul 02 20:03:03.479293 2024] [mpm_winnt:notice] [pid 14672:tid 428] AH00456: Apache Lounge VS16 Server built: Mar  7 2023 13:21:03
[Tue Jul 02 20:03:03.479293 2024] [core:notice] [pid 14672:tid 428] AH00094: Command line: 'd:\\mysoul\\apache\\bin\\httpd.exe -d D:/MYSOUL/apache'
[Tue Jul 02 20:03:03.483294 2024] [mpm_winnt:notice] [pid 14672:tid 428] AH00418: Parent: Created child process 16624
[Tue Jul 02 20:03:04.057293 2024] [ssl:warn] [pid 16624:tid 440] AH01909: www.example.com:443:0 server certificate does NOT include an ID which matches the server name
[Tue Jul 02 20:03:04.093292 2024] [ssl:warn] [pid 16624:tid 440] AH01909: www.example.com:443:0 server certificate does NOT include an ID which matches the server name
[Tue Jul 02 20:03:04.150294 2024] [mpm_winnt:notice] [pid 16624:tid 440] AH00354: Child: Starting 150 worker threads.
[Wed Jul 03 09:40:23.526013 2024] [ssl:warn] [pid 21272:tid 492] AH01909: www.example.com:443:0 server certificate does NOT include an ID which matches the server name
[Wed Jul 03 09:40:23.564011 2024] [core:warn] [pid 21272:tid 492] AH00098: pid file D:/MYSOUL/apache/logs/httpd.pid overwritten -- Unclean shutdown of previous Apache run?
[Wed Jul 03 09:40:23.566013 2024] [ssl:warn] [pid 21272:tid 492] AH01909: www.example.com:443:0 server certificate does NOT include an ID which matches the server name
[Wed Jul 03 09:40:23.631014 2024] [mpm_winnt:notice] [pid 21272:tid 492] AH00455: Apache/2.4.56 (Win64) OpenSSL/1.1.1t PHP/8.2.4 configured -- resuming normal operations
[Wed Jul 03 09:40:23.631014 2024] [mpm_winnt:notice] [pid 21272:tid 492] AH00456: Apache Lounge VS16 Server built: Mar  7 2023 13:21:03
[Wed Jul 03 09:40:23.631014 2024] [core:notice] [pid 21272:tid 492] AH00094: Command line: 'd:\\mysoul\\apache\\bin\\httpd.exe -d D:/MYSOUL/apache'
[Wed Jul 03 09:40:23.653013 2024] [mpm_winnt:notice] [pid 21272:tid 492] AH00418: Parent: Created child process 17608
[Wed Jul 03 09:40:24.209223 2024] [ssl:warn] [pid 17608:tid 432] AH01909: www.example.com:443:0 server certificate does NOT include an ID which matches the server name
[Wed Jul 03 09:40:24.247222 2024] [ssl:warn] [pid 17608:tid 432] AH01909: www.example.com:443:0 server certificate does NOT include an ID which matches the server name
[Wed Jul 03 09:40:24.305224 2024] [mpm_winnt:notice] [pid 17608:tid 432] AH00354: Child: Starting 150 worker threads.
[Wed Jul 03 12:11:01.682677 2024] [ssl:warn] [pid 18588:tid 324] AH01909: www.example.com:443:0 server certificate does NOT include an ID which matches the server name
[Wed Jul 03 12:11:01.725679 2024] [core:warn] [pid 18588:tid 324] AH00098: pid file D:/MYSOUL/apache/logs/httpd.pid overwritten -- Unclean shutdown of previous Apache run?
[Wed Jul 03 12:11:01.727677 2024] [ssl:warn] [pid 18588:tid 324] AH01909: www.example.com:443:0 server certificate does NOT include an ID which matches the server name
[Wed Jul 03 12:11:02.512492 2024] [mpm_winnt:notice] [pid 18588:tid 324] AH00455: Apache/2.4.56 (Win64) OpenSSL/1.1.1t PHP/8.2.4 configured -- resuming normal operations
[Wed Jul 03 12:11:02.512492 2024] [mpm_winnt:notice] [pid 18588:tid 324] AH00456: Apache Lounge VS16 Server built: Mar  7 2023 13:21:03
[Wed Jul 03 12:11:02.512492 2024] [core:notice] [pid 18588:tid 324] AH00094: Command line: 'd:\\mysoul\\apache\\bin\\httpd.exe -d D:/MYSOUL/apache'
[Wed Jul 03 12:11:02.516492 2024] [mpm_winnt:notice] [pid 18588:tid 324] AH00418: Parent: Created child process 1960
[Wed Jul 03 12:11:03.181490 2024] [ssl:warn] [pid 1960:tid 440] AH01909: www.example.com:443:0 server certificate does NOT include an ID which matches the server name
[Wed Jul 03 12:11:03.220491 2024] [ssl:warn] [pid 1960:tid 440] AH01909: www.example.com:443:0 server certificate does NOT include an ID which matches the server name
[Wed Jul 03 12:11:03.278491 2024] [mpm_winnt:notice] [pid 1960:tid 440] AH00354: Child: Starting 150 worker threads.
[Wed Jul 03 20:13:15.067523 2024] [ssl:warn] [pid 16468:tid 360] AH01909: www.example.com:443:0 server certificate does NOT include an ID which matches the server name
[Wed Jul 03 20:13:15.112702 2024] [core:warn] [pid 16468:tid 360] AH00098: pid file D:/MYXINLI/apache/logs/httpd.pid overwritten -- Unclean shutdown of previous Apache run?
[Wed Jul 03 20:13:15.116117 2024] [ssl:warn] [pid 16468:tid 360] AH01909: www.example.com:443:0 server certificate does NOT include an ID which matches the server name
[Wed Jul 03 20:13:15.817704 2024] [mpm_winnt:notice] [pid 16468:tid 360] AH00455: Apache/2.4.56 (Win64) OpenSSL/1.1.1t PHP/8.2.4 configured -- resuming normal operations
[Wed Jul 03 20:13:15.817704 2024] [mpm_winnt:notice] [pid 16468:tid 360] AH00456: Apache Lounge VS16 Server built: Mar  7 2023 13:21:03
[Wed Jul 03 20:13:15.817704 2024] [core:notice] [pid 16468:tid 360] AH00094: Command line: 'd:\\myxinli\\apache\\bin\\httpd.exe -d D:/MYXINLI/apache'
[Wed Jul 03 20:13:15.822703 2024] [mpm_winnt:notice] [pid 16468:tid 360] AH00418: Parent: Created child process 2276
[Wed Jul 03 20:13:16.577702 2024] [ssl:warn] [pid 2276:tid 480] AH01909: www.example.com:443:0 server certificate does NOT include an ID which matches the server name
[Wed Jul 03 20:13:16.619703 2024] [ssl:warn] [pid 2276:tid 480] AH01909: www.example.com:443:0 server certificate does NOT include an ID which matches the server name
[Wed Jul 03 20:13:16.680705 2024] [mpm_winnt:notice] [pid 2276:tid 480] AH00354: Child: Starting 150 worker threads.
[Wed Jul 03 20:13:16.688702 2024] [php:error] [pid 2276:tid 1972] [client ::1:49621] script 'D:/MYXINLI/htdocs/api/jwt.php' not found or unable to stat, referer: http://localhost/ceping/
[Wed Jul 03 20:13:26.708199 2024] [php:error] [pid 2276:tid 1972] [client ::1:49638] script 'D:/MYXINLI/htdocs/api/jwt.php' not found or unable to stat, referer: http://localhost/ceping/
[Wed Jul 03 20:13:44.687042 2024] [php:error] [pid 2276:tid 1972] [client ::1:49656] script 'D:/MYXINLI/htdocs/api/jwt.php' not found or unable to stat, referer: http://localhost:3000/
[Wed Jul 03 20:13:44.719041 2024] [php:error] [pid 2276:tid 1924] [client ::1:49657] script 'D:/MYXINLI/htdocs/api/jwt.php' not found or unable to stat, referer: http://localhost/apps/376/
[Wed Jul 03 20:13:44.721040 2024] [php:error] [pid 2276:tid 1920] [client ::1:49658] script 'D:/MYXINLI/htdocs/api/jwt.php' not found or unable to stat, referer: http://localhost/apps/28/
[Wed Jul 03 20:13:45.697549 2024] [php:error] [pid 2276:tid 1920] [client ::1:49658] script 'D:/MYXINLI/htdocs/api/jwt.php' not found or unable to stat, referer: http://localhost/ceping/
[Wed Jul 03 20:13:58.732739 2024] [php:error] [pid 2276:tid 1920] [client ::1:49939] script 'D:/MYXINLI/htdocs/api/jwt.php' not found or unable to stat, referer: http://localhost:3000/
[Wed Jul 03 20:14:03.118359 2024] [php:error] [pid 2276:tid 1908] [client ::1:49952] script 'D:/MYXINLI/htdocs/api/jwt.php' not found or unable to stat, referer: http://localhost/
[Wed Jul 03 20:14:14.543657 2024] [php:error] [pid 2276:tid 1916] [client ::1:49975] script 'D:/MYXINLI/htdocs/api/jwt.php' not found or unable to stat, referer: http://localhost/login/
[Wed Jul 03 20:14:15.701425 2024] [php:error] [pid 2276:tid 1912] [client ::1:49976] script 'D:/MYXINLI/htdocs/api/jwt.php' not found or unable to stat, referer: http://localhost/ceping/
[Wed Jul 03 20:14:16.209759 2024] [php:error] [pid 2276:tid 1916] [client ::1:49975] script 'D:/MYXINLI/htdocs/api/jwt.php' not found or unable to stat, referer: http://localhost/login/
[Wed Jul 03 20:14:26.652060 2024] [php:error] [pid 2276:tid 1916] [client ::1:49991] script 'D:/MYXINLI/htdocs/api/jwt.php' not found or unable to stat, referer: http://localhost/login/
[Wed Jul 03 20:14:50.714822 2024] [ssl:warn] [pid 9052:tid 428] AH01909: www.example.com:443:0 server certificate does NOT include an ID which matches the server name
[Wed Jul 03 20:14:50.753823 2024] [core:warn] [pid 9052:tid 428] AH00098: pid file D:/MYXINLI/apache/logs/httpd.pid overwritten -- Unclean shutdown of previous Apache run?
[Wed Jul 03 20:14:50.755822 2024] [ssl:warn] [pid 9052:tid 428] AH01909: www.example.com:443:0 server certificate does NOT include an ID which matches the server name
[Wed Jul 03 20:14:50.812824 2024] [mpm_winnt:notice] [pid 9052:tid 428] AH00455: Apache/2.4.56 (Win64) OpenSSL/1.1.1t PHP/8.2.4 configured -- resuming normal operations
[Wed Jul 03 20:14:50.812824 2024] [mpm_winnt:notice] [pid 9052:tid 428] AH00456: Apache Lounge VS16 Server built: Mar  7 2023 13:21:03
[Wed Jul 03 20:14:50.812824 2024] [core:notice] [pid 9052:tid 428] AH00094: Command line: 'd:\\myxinli\\apache\\bin\\httpd.exe -d D:/MYXINLI/apache'
[Wed Jul 03 20:14:50.815823 2024] [mpm_winnt:notice] [pid 9052:tid 428] AH00418: Parent: Created child process 19044
[Wed Jul 03 20:14:51.456832 2024] [ssl:warn] [pid 19044:tid 432] AH01909: www.example.com:443:0 server certificate does NOT include an ID which matches the server name
[Wed Jul 03 20:14:51.494822 2024] [ssl:warn] [pid 19044:tid 432] AH01909: www.example.com:443:0 server certificate does NOT include an ID which matches the server name
[Wed Jul 03 20:14:51.551822 2024] [mpm_winnt:notice] [pid 19044:tid 432] AH00354: Child: Starting 150 worker threads.
[Wed Jul 03 20:14:57.687391 2024] [php:error] [pid 19044:tid 1948] [client ::1:50095] script 'D:/MYXINLI/htdocs/api/jwt.php' not found or unable to stat, referer: http://localhost/login/
[Wed Jul 03 20:15:08.412961 2024] [php:error] [pid 19044:tid 1932] [client ::1:50096] script 'D:/MYXINLI/htdocs/api/jwt.php' not found or unable to stat, referer: http://localhost/login/
[Wed Jul 03 20:15:15.709652 2024] [php:error] [pid 19044:tid 1932] [client ::1:50113] script 'D:/MYXINLI/htdocs/api/jwt.php' not found or unable to stat, referer: http://localhost/ceping/
[Wed Jul 03 20:15:44.704405 2024] [php:error] [pid 19044:tid 1932] [client ::1:50142] script 'D:/MYXINLI/htdocs/api/jwt.php' not found or unable to stat, referer: http://localhost/apps/28/
[Wed Jul 03 20:15:44.705405 2024] [php:error] [pid 19044:tid 1948] [client ::1:50143] script 'D:/MYXINLI/htdocs/api/jwt.php' not found or unable to stat, referer: http://localhost/apps/376/
[Wed Jul 03 20:15:45.706448 2024] [php:error] [pid 19044:tid 1948] [client ::1:50143] script 'D:/MYXINLI/htdocs/api/jwt.php' not found or unable to stat, referer: http://localhost/ceping/
